[2017-02-06 19:56:55] app.ERROR: Symfony\Component\HttpKernel\Exception\NotFoundHttpException: No route found for "GET /" (from "https://ide.c9.io/romangrb/comics_manga") (uncaught exception) at /home/ubuntu/workspace/vendor/symfony/http-kernel/EventListener/RouterListener.php line 125 {"exception":"[object] (Symfony\\Component\\HttpKernel\\Exception\\NotFoundHttpException(code: 0): No route found for \"GET /\" (from \"https://ide.c9.io/romangrb/comics_manga\") at /home/ubuntu/workspace/vendor/symfony/http-kernel/EventListener/RouterListener.php:125, Symfony\\Component\\Routing\\Exception\\ResourceNotFoundException(code: 0): No routes found for \"/\". at /home/ubuntu/workspace/vendor/symfony/routing/Matcher/UrlMatcher.php:98)"} []
[2017-02-06 19:56:55] app.DEBUG: < 404 [] []
[2017-02-06 19:57:06] app.ERROR: Symfony\Component\HttpKernel\Exception\NotFoundHttpException: No route found for "GET /" (uncaught exception) at /home/ubuntu/workspace/vendor/symfony/http-kernel/EventListener/RouterListener.php line 125 {"exception":"[object] (Symfony\\Component\\HttpKernel\\Exception\\NotFoundHttpException(code: 0): No route found for \"GET /\" at /home/ubuntu/workspace/vendor/symfony/http-kernel/EventListener/RouterListener.php:125, Symfony\\Component\\Routing\\Exception\\ResourceNotFoundException(code: 0): No routes found for \"/\". at /home/ubuntu/workspace/vendor/symfony/routing/Matcher/UrlMatcher.php:98)"} []
[2017-02-06 19:57:06] app.DEBUG: < 404 [] []
[2017-02-06 19:57:27] app.ERROR: Symfony\Component\HttpKernel\Exception\NotFoundHttpException: No route found for "GET /favicon.ico" (uncaught exception) at /home/ubuntu/workspace/vendor/symfony/http-kernel/EventListener/RouterListener.php line 125 {"exception":"[object] (Symfony\\Component\\HttpKernel\\Exception\\NotFoundHttpException(code: 0): No route found for \"GET /favicon.ico\" at /home/ubuntu/workspace/vendor/symfony/http-kernel/EventListener/RouterListener.php:125, Symfony\\Component\\Routing\\Exception\\ResourceNotFoundException(code: 0): No routes found for \"/favicon.ico\". at /home/ubuntu/workspace/vendor/symfony/routing/Matcher/UrlMatcher.php:98)"} []
[2017-02-06 19:57:27] app.DEBUG: < 404 [] []
[2017-02-06 19:57:27] app.ERROR: Symfony\Component\HttpKernel\Exception\NotFoundHttpException: No route found for "GET /favicon.ico" (uncaught exception) at /home/ubuntu/workspace/vendor/symfony/http-kernel/EventListener/RouterListener.php line 125 {"exception":"[object] (Symfony\\Component\\HttpKernel\\Exception\\NotFoundHttpException(code: 0): No route found for \"GET /favicon.ico\" at /home/ubuntu/workspace/vendor/symfony/http-kernel/EventListener/RouterListener.php:125, Symfony\\Component\\Routing\\Exception\\ResourceNotFoundException(code: 0): No routes found for \"/favicon.ico\". at /home/ubuntu/workspace/vendor/symfony/routing/Matcher/UrlMatcher.php:98)"} []
[2017-02-06 19:57:27] app.DEBUG: < 404 [] []
[2017-02-06 20:01:16] app.INFO: Matched route "{route}". {"route":"GET_manga_page_num","route_parameters":{"_controller":"app.controller:getPage","num":"1","_route":"GET_manga_page_num"},"request_uri":"http://comics-manga-romangrb.c9users.io/manga/page/1","method":"GET"} []
[2017-02-06 20:01:16] app.DEBUG: > GET /manga/page/1 [] []
[2017-02-06 20:01:16] app.CRITICAL: InvalidArgumentException: Identifier "app.monolog" is not defined. (uncaught exception) at /home/ubuntu/workspace/vendor/pimple/pimple/src/Pimple/Container.php line 96 {"exception":"[object] (InvalidArgumentException(code: 0): Identifier \"app.monolog\" is not defined. at /home/ubuntu/workspace/vendor/pimple/pimple/src/Pimple/Container.php:96)"} []
[2017-02-06 20:01:16] app.DEBUG: < 500 [] []
[2017-02-06 20:02:00] app.INFO: Matched route "{route}". {"route":"GET_manga_page_num","route_parameters":{"_controller":"app.controller:getPage","num":"1","_route":"GET_manga_page_num"},"request_uri":"http://comics-manga-romangrb.c9users.io/manga/page/1","method":"GET"} []
[2017-02-06 20:02:00] app.DEBUG: > GET /manga/page/1 [] []
[2017-02-06 20:02:00] app.CRITICAL: InvalidArgumentException: Identifier "app.monolog" is not defined. (uncaught exception) at /home/ubuntu/workspace/vendor/pimple/pimple/src/Pimple/Container.php line 96 {"exception":"[object] (InvalidArgumentException(code: 0): Identifier \"app.monolog\" is not defined. at /home/ubuntu/workspace/vendor/pimple/pimple/src/Pimple/Container.php:96)"} []
[2017-02-06 20:02:00] app.DEBUG: < 500 [] []
[2017-02-06 20:02:25] app.INFO: Matched route "{route}". {"route":"GET_manga_page_num","route_parameters":{"_controller":"app.controller:getPage","num":"1","_route":"GET_manga_page_num"},"request_uri":"http://comics-manga-romangrb.c9users.io/manga/page/1","method":"GET"} []
[2017-02-06 20:02:25] app.DEBUG: > GET /manga/page/1 [] []
[2017-02-06 20:02:25] app.CRITICAL: InvalidArgumentException: Identifier "app.monolog" is not defined. (uncaught exception) at /home/ubuntu/workspace/vendor/pimple/pimple/src/Pimple/Container.php line 96 {"exception":"[object] (InvalidArgumentException(code: 0): Identifier \"app.monolog\" is not defined. at /home/ubuntu/workspace/vendor/pimple/pimple/src/Pimple/Container.php:96)"} []
[2017-02-06 20:02:25] app.DEBUG: < 500 [] []
[2017-02-06 20:02:43] app.INFO: Matched route "{route}". {"route":"GET_manga_page_num","route_parameters":{"_controller":"app.controller:getPage","num":"1","_route":"GET_manga_page_num"},"request_uri":"http://comics-manga-romangrb.c9users.io/manga/page/1","method":"GET"} []
[2017-02-06 20:02:43] app.DEBUG: > GET /manga/page/1 [] []
[2017-02-06 20:02:43] app.CRITICAL: InvalidArgumentException: Identifier "app.monolog" is not defined. (uncaught exception) at /home/ubuntu/workspace/vendor/pimple/pimple/src/Pimple/Container.php line 96 {"exception":"[object] (InvalidArgumentException(code: 0): Identifier \"app.monolog\" is not defined. at /home/ubuntu/workspace/vendor/pimple/pimple/src/Pimple/Container.php:96)"} []
[2017-02-06 20:02:43] app.DEBUG: < 500 [] []
[2017-02-06 20:02:58] app.INFO: Matched route "{route}". {"route":"GET_manga_page_num","route_parameters":{"_controller":"app.controller:getPage","num":"1","_route":"GET_manga_page_num"},"request_uri":"http://comics-manga-romangrb.c9users.io/manga/page/1","method":"GET"} []
[2017-02-06 20:02:58] app.DEBUG: > GET /manga/page/1 [] []
[2017-02-06 20:02:58] app.WARNING: E_WARNING: Missing argument 3 for MainApp\Service\CRUDService::getPage(), called in /home/ubuntu/workspace/src/MainApp/Controller/AppController.php on line 34 and defined {"code":2,"message":"Missing argument 3 for MainApp\\Service\\CRUDService::getPage(), called in /home/ubuntu/workspace/src/MainApp/Controller/AppController.php on line 34 and defined","file":"/home/ubuntu/workspace/src/MainApp/Service/CRUDService.php","line":33} []
[2017-02-06 20:02:58] app.DEBUG: < 200 [] []
[2017-02-06 20:03:26] app.INFO: Matched route "{route}". {"route":"GET_manga_page_num","route_parameters":{"_controller":"app.controller:getPage","num":"1","_route":"GET_manga_page_num"},"request_uri":"http://comics-manga-romangrb.c9users.io/manga/page/1","method":"GET"} []
[2017-02-06 20:03:26] app.DEBUG: > GET /manga/page/1 [] []
[2017-02-06 20:03:26] app.CRITICAL: InvalidArgumentException: Identifier "app.monolog" is not defined. (uncaught exception) at /home/ubuntu/workspace/vendor/pimple/pimple/src/Pimple/Container.php line 96 {"exception":"[object] (InvalidArgumentException(code: 0): Identifier \"app.monolog\" is not defined. at /home/ubuntu/workspace/vendor/pimple/pimple/src/Pimple/Container.php:96)"} []
[2017-02-06 20:03:26] app.DEBUG: < 500 [] []
[2017-02-06 20:21:41] app.ERROR: Symfony\Component\HttpKernel\Exception\NotFoundHttpException: No route found for "GET /" (uncaught exception) at /home/ubuntu/workspace/vendor/symfony/http-kernel/EventListener/RouterListener.php line 125 {"exception":"[object] (Symfony\\Component\\HttpKernel\\Exception\\NotFoundHttpException(code: 0): No route found for \"GET /\" at /home/ubuntu/workspace/vendor/symfony/http-kernel/EventListener/RouterListener.php:125, Symfony\\Component\\Routing\\Exception\\ResourceNotFoundException(code: 0): No routes found for \"/\". at /home/ubuntu/workspace/vendor/symfony/routing/Matcher/UrlMatcher.php:98)"} []
[2017-02-06 20:21:41] app.ERROR: Symfony\Component\HttpKernel\Exception\NotFoundHttpException: No route found for "GET /" (uncaught exception) at /home/ubuntu/workspace/vendor/symfony/http-kernel/EventListener/RouterListener.php line 125 {"exception":"[object] (Symfony\\Component\\HttpKernel\\Exception\\NotFoundHttpException(code: 0): No route found for \"GET /\" at /home/ubuntu/workspace/vendor/symfony/http-kernel/EventListener/RouterListener.php:125, Symfony\\Component\\Routing\\Exception\\ResourceNotFoundException(code: 0): No routes found for \"/\". at /home/ubuntu/workspace/vendor/symfony/routing/Matcher/UrlMatcher.php:98)"} []
[2017-02-06 20:21:41] app.DEBUG: < 404 [] []
[2017-02-06 20:21:41] app.DEBUG: < 404 [] []
[2017-02-06 20:33:38] app.ERROR: Symfony\Component\HttpKernel\Exception\NotFoundHttpException: No route found for "GET /" (uncaught exception) at /home/ubuntu/workspace/vendor/symfony/http-kernel/EventListener/RouterListener.php line 125 {"exception":"[object] (Symfony\\Component\\HttpKernel\\Exception\\NotFoundHttpException(code: 0): No route found for \"GET /\" at /home/ubuntu/workspace/vendor/symfony/http-kernel/EventListener/RouterListener.php:125, Symfony\\Component\\Routing\\Exception\\ResourceNotFoundException(code: 0): No routes found for \"/\". at /home/ubuntu/workspace/vendor/symfony/routing/Matcher/UrlMatcher.php:98)"} []
[2017-02-06 20:33:38] app.DEBUG: < 404 [] []
[2017-02-06 22:05:12] app.INFO: Matched route "{route}". {"route":"GET_manga_page_num","route_parameters":{"_controller":"app.controller:getPage","num":"1","_route":"GET_manga_page_num"},"request_uri":"http://comics-manga-romangrb.c9users.io/manga/page/1","method":"GET"} []
[2017-02-06 22:05:12] app.DEBUG: > GET /manga/page/1 [] []
[2017-02-06 22:05:12] app.WARNING: E_WARNING: Missing argument 3 for MainApp\Service\CRUDService::getPage(), called in /home/ubuntu/workspace/src/MainApp/Controller/AppController.php on line 34 and defined {"code":2,"message":"Missing argument 3 for MainApp\\Service\\CRUDService::getPage(), called in /home/ubuntu/workspace/src/MainApp/Controller/AppController.php on line 34 and defined","file":"/home/ubuntu/workspace/src/MainApp/Service/CRUDService.php","line":33} []
[2017-02-06 22:05:12] app.DEBUG: < 200 [] []
[2017-02-06 22:05:51] app.INFO: Matched route "{route}". {"route":"GET_manga_page_num","route_parameters":{"_controller":"app.controller:getPage","num":"1","_route":"GET_manga_page_num"},"request_uri":"http://comics-manga-romangrb.c9users.io/manga/page/1","method":"GET"} []
[2017-02-06 22:05:51] app.DEBUG: > GET /manga/page/1 [] []
[2017-02-06 22:05:51] app.CRITICAL: InvalidArgumentException: Identifier "app" is not defined. (uncaught exception) at /home/ubuntu/workspace/vendor/pimple/pimple/src/Pimple/Container.php line 96 {"exception":"[object] (InvalidArgumentException(code: 0): Identifier \"app\" is not defined. at /home/ubuntu/workspace/vendor/pimple/pimple/src/Pimple/Container.php:96)"} []
[2017-02-06 22:05:51] app.DEBUG: < 500 [] []
[2017-02-06 22:06:38] app.INFO: Matched route "{route}". {"route":"GET_manga_page_num","route_parameters":{"_controller":"app.controller:getPage","num":"1","_route":"GET_manga_page_num"},"request_uri":"http://comics-manga-romangrb.c9users.io/manga/page/1","method":"GET"} []
[2017-02-06 22:06:38] app.DEBUG: > GET /manga/page/1 [] []
[2017-02-06 22:06:38] app.CRITICAL: InvalidArgumentException: Identifier "app" is not defined. (uncaught exception) at /home/ubuntu/workspace/vendor/pimple/pimple/src/Pimple/Container.php line 96 {"exception":"[object] (InvalidArgumentException(code: 0): Identifier \"app\" is not defined. at /home/ubuntu/workspace/vendor/pimple/pimple/src/Pimple/Container.php:96)"} []
[2017-02-06 22:06:38] app.DEBUG: < 500 [] []
[2017-02-06 22:09:45] app.INFO: Matched route "{route}". {"route":"GET_manga_page_num","route_parameters":{"_controller":"app.controller:getPage","num":"1","_route":"GET_manga_page_num"},"request_uri":"http://comics-manga-romangrb.c9users.io/manga/page/1","method":"GET"} []
[2017-02-06 22:09:45] app.DEBUG: > GET /manga/page/1 [] []
[2017-02-06 22:09:45] app.CRITICAL: InvalidArgumentException: Identifier "app.monolog" is not defined. (uncaught exception) at /home/ubuntu/workspace/vendor/pimple/pimple/src/Pimple/Container.php line 96 {"exception":"[object] (InvalidArgumentException(code: 0): Identifier \"app.monolog\" is not defined. at /home/ubuntu/workspace/vendor/pimple/pimple/src/Pimple/Container.php:96)"} []
[2017-02-06 22:09:45] app.DEBUG: < 500 [] []
[2017-02-06 22:20:42] app.INFO: Matched route "{route}". {"route":"GET_manga_page_num","route_parameters":{"_controller":"app.controller:getPage","num":"1","_route":"GET_manga_page_num"},"request_uri":"http://comics-manga-romangrb.c9users.io/manga/page/1","method":"GET"} []
[2017-02-06 22:20:42] app.DEBUG: > GET /manga/page/1 [] []
[2017-02-06 22:20:42] app.WARNING: E_WARNING: Missing argument 3 for MainApp\Service\CRUDService::getPage(), called in /home/ubuntu/workspace/src/MainApp/Controller/AppController.php on line 34 and defined {"code":2,"message":"Missing argument 3 for MainApp\\Service\\CRUDService::getPage(), called in /home/ubuntu/workspace/src/MainApp/Controller/AppController.php on line 34 and defined","file":"/home/ubuntu/workspace/src/MainApp/Service/CRUDService.php","line":46} []
[2017-02-06 22:20:42] app.DEBUG: < 200 [] []
[2017-02-06 22:21:40] app.INFO: Matched route "{route}". {"route":"GET_manga_page_num","route_parameters":{"_controller":"app.controller:getPage","num":"1","_route":"GET_manga_page_num"},"request_uri":"http://comics-manga-romangrb.c9users.io/manga/page/1","method":"GET"} []
[2017-02-06 22:21:40] app.DEBUG: > GET /manga/page/1 [] []
[2017-02-06 22:21:40] app.WARNING: E_WARNING: Missing argument 3 for MainApp\Service\CRUDService::getPage(), called in /home/ubuntu/workspace/src/MainApp/Controller/AppController.php on line 34 and defined {"code":2,"message":"Missing argument 3 for MainApp\\Service\\CRUDService::getPage(), called in /home/ubuntu/workspace/src/MainApp/Controller/AppController.php on line 34 and defined","file":"/home/ubuntu/workspace/src/MainApp/Service/CRUDService.php","line":46} []
[2017-02-06 22:21:40] app.DEBUG: < 200 [] []
[2017-02-06 22:47:35] app.INFO: Matched route "{route}". {"route":"GET_manga_page_num","route_parameters":{"_controller":"app.controller:getPage","num":"1","_route":"GET_manga_page_num"},"request_uri":"http://comics-manga-romangrb.c9users.io/manga/page/1","method":"GET"} []
[2017-02-06 22:47:35] app.DEBUG: > GET /manga/page/1 [] []
[2017-02-06 22:47:35] app.ERROR: E_RECOVERABLE_ERROR: Argument 2 passed to MainApp\Service\CRUDService::__construct() must be an instance of MainApp\Provider\LogServiceProvider, none given, called in /home/ubuntu/workspace/src/MainApp/Provider/CRUDServiceProvider.php on line 20 and defined {"code":4096,"message":"Argument 2 passed to MainApp\\Service\\CRUDService::__construct() must be an instance of MainApp\\Provider\\LogServiceProvider, none given, called in /home/ubuntu/workspace/src/MainApp/Provider/CRUDServiceProvider.php on line 20 and defined","file":"/home/ubuntu/workspace/src/MainApp/Service/CRUDService.php","line":19} []
[2017-02-06 22:48:20] app.INFO: Matched route "{route}". {"route":"GET_manga_page_num","route_parameters":{"_controller":"app.controller:getPage","num":"1","_route":"GET_manga_page_num"},"request_uri":"http://comics-manga-romangrb.c9users.io/manga/page/1","method":"GET"} []
[2017-02-06 22:48:20] app.DEBUG: > GET /manga/page/1 [] []
[2017-02-06 22:48:20] app.ERROR: E_RECOVERABLE_ERROR: Argument 2 passed to MainApp\Service\CRUDService::__construct() must be an instance of MainApp\Provider\LogServiceProvider, none given, called in /home/ubuntu/workspace/src/MainApp/Provider/CRUDServiceProvider.php on line 20 and defined {"code":4096,"message":"Argument 2 passed to MainApp\\Service\\CRUDService::__construct() must be an instance of MainApp\\Provider\\LogServiceProvider, none given, called in /home/ubuntu/workspace/src/MainApp/Provider/CRUDServiceProvider.php on line 20 and defined","file":"/home/ubuntu/workspace/src/MainApp/Service/CRUDService.php","line":19} []
[2017-02-06 22:55:40] app.INFO: Matched route "{route}". {"route":"GET_manga_page_num","route_parameters":{"_controller":"app.controller:getPage","num":"1","_route":"GET_manga_page_num"},"request_uri":"http://comics-manga-romangrb.c9users.io/manga/page/1","method":"GET"} []
[2017-02-06 22:55:40] app.DEBUG: > GET /manga/page/1 [] []
[2017-02-06 22:55:40] app.ERROR: E_RECOVERABLE_ERROR: Argument 2 passed to MainApp\Service\CRUDService::__construct() must be an instance of MainApp\Provider\LogServiceProvider, none given, called in /home/ubuntu/workspace/src/MainApp/Provider/CRUDServiceProvider.php on line 20 and defined {"code":4096,"message":"Argument 2 passed to MainApp\\Service\\CRUDService::__construct() must be an instance of MainApp\\Provider\\LogServiceProvider, none given, called in /home/ubuntu/workspace/src/MainApp/Provider/CRUDServiceProvider.php on line 20 and defined","file":"/home/ubuntu/workspace/src/MainApp/Service/CRUDService.php","line":29} []
[2017-02-06 22:56:18] app.INFO: Matched route "{route}". {"route":"GET_manga_page_num","route_parameters":{"_controller":"app.controller:getPage","num":"1","_route":"GET_manga_page_num"},"request_uri":"http://comics-manga-romangrb.c9users.io/manga/page/1","method":"GET"} []
[2017-02-06 22:56:18] app.DEBUG: > GET /manga/page/1 [] []
[2017-02-06 22:56:18] app.WARNING: E_WARNING: Missing argument 3 for MainApp\Service\CRUDService::getPage(), called in /home/ubuntu/workspace/src/MainApp/Controller/AppController.php on line 34 and defined {"code":2,"message":"Missing argument 3 for MainApp\\Service\\CRUDService::getPage(), called in /home/ubuntu/workspace/src/MainApp/Controller/AppController.php on line 34 and defined","file":"/home/ubuntu/workspace/src/MainApp/Service/CRUDService.php","line":49} []
[2017-02-06 22:56:18] app.DEBUG: < 200 [] []
[2017-02-06 22:57:04] app.INFO: Matched route "{route}". {"route":"GET_manga_page_num","route_parameters":{"_controller":"app.controller:getPage","num":"1","_route":"GET_manga_page_num"},"request_uri":"http://comics-manga-romangrb.c9users.io/manga/page/1","method":"GET"} []
[2017-02-06 22:57:04] app.DEBUG: > GET /manga/page/1 [] []
[2017-02-06 22:57:04] app.WARNING: E_WARNING: Missing argument 3 for MainApp\Service\CRUDService::getPage(), called in /home/ubuntu/workspace/src/MainApp/Controller/AppController.php on line 34 and defined {"code":2,"message":"Missing argument 3 for MainApp\\Service\\CRUDService::getPage(), called in /home/ubuntu/workspace/src/MainApp/Controller/AppController.php on line 34 and defined","file":"/home/ubuntu/workspace/src/MainApp/Service/CRUDService.php","line":48} []
[2017-02-06 22:57:04] app.DEBUG: < 200 [] []
[2017-02-06 23:10:12] app.INFO: Matched route "{route}". {"route":"GET_manga_page_num","route_parameters":{"_controller":"app.controller:getPage","num":"1","_route":"GET_manga_page_num"},"request_uri":"http://comics-manga-romangrb.c9users.io/manga/page/1","method":"GET"} []
[2017-02-06 23:10:12] app.DEBUG: > GET /manga/page/1 [] []
[2017-02-06 23:10:12] app.WARNING: E_WARNING: Missing argument 3 for MainApp\Service\CRUDService::getPage(), called in /home/ubuntu/workspace/src/MainApp/Controller/AppController.php on line 34 and defined {"code":2,"message":"Missing argument 3 for MainApp\\Service\\CRUDService::getPage(), called in /home/ubuntu/workspace/src/MainApp/Controller/AppController.php on line 34 and defined","file":"/home/ubuntu/workspace/src/MainApp/Service/CRUDService.php","line":48} []
[2017-02-06 23:10:12] app.DEBUG: < 200 [] []
[2017-02-06 23:14:26] app.INFO: Matched route "{route}". {"route":"GET_manga_page_num","route_parameters":{"_controller":"app.controller:getPage","num":"1","_route":"GET_manga_page_num"},"request_uri":"http://comics-manga-romangrb.c9users.io/manga/page/1","method":"GET"} []
[2017-02-06 23:14:26] app.DEBUG: > GET /manga/page/1 [] []
[2017-02-06 23:14:26] app.WARNING: E_WARNING: Missing argument 3 for MainApp\Service\CRUDService::getPage(), called in /home/ubuntu/workspace/src/MainApp/Controller/AppController.php on line 34 and defined {"code":2,"message":"Missing argument 3 for MainApp\\Service\\CRUDService::getPage(), called in /home/ubuntu/workspace/src/MainApp/Controller/AppController.php on line 34 and defined","file":"/home/ubuntu/workspace/src/MainApp/Service/CRUDService.php","line":48} []
[2017-02-06 23:14:26] app.DEBUG: < 200 [] []
[2017-02-06 23:14:54] app.ERROR: Symfony\Component\HttpKernel\Exception\MethodNotAllowedHttpException: No route found for "POST /manga/add/Grman": Method Not Allowed (Allow: GET) (uncaught exception) at /home/ubuntu/workspace/vendor/symfony/http-kernel/EventListener/RouterListener.php line 129 {"exception":"[object] (Symfony\\Component\\HttpKernel\\Exception\\MethodNotAllowedHttpException(code: 0): No route found for \"POST /manga/add/Grman\": Method Not Allowed (Allow: GET) at /home/ubuntu/workspace/vendor/symfony/http-kernel/EventListener/RouterListener.php:129, Symfony\\Component\\Routing\\Exception\\MethodNotAllowedException(code: 0):  at /home/ubuntu/workspace/vendor/symfony/routing/Matcher/UrlMatcher.php:97)"} []
[2017-02-06 23:14:54] app.DEBUG: < 405 [] []
[2017-02-06 23:16:09] app.ERROR: Symfony\Component\HttpKernel\Exception\MethodNotAllowedHttpException: No route found for "POST /manga/add/Grman": Method Not Allowed (Allow: GET) (uncaught exception) at /home/ubuntu/workspace/vendor/symfony/http-kernel/EventListener/RouterListener.php line 129 {"exception":"[object] (Symfony\\Component\\HttpKernel\\Exception\\MethodNotAllowedHttpException(code: 0): No route found for \"POST /manga/add/Grman\": Method Not Allowed (Allow: GET) at /home/ubuntu/workspace/vendor/symfony/http-kernel/EventListener/RouterListener.php:129, Symfony\\Component\\Routing\\Exception\\MethodNotAllowedException(code: 0):  at /home/ubuntu/workspace/vendor/symfony/routing/Matcher/UrlMatcher.php:97)"} []
[2017-02-06 23:16:09] app.DEBUG: < 405 [] []
[2017-02-06 23:16:29] app.INFO: Matched route "{route}". {"route":"GET_manga_add_name","route_parameters":{"_controller":"app.controller:addName","name":"Grman","_route":"GET_manga_add_name"},"request_uri":"http://comics-manga-romangrb.c9users.io/manga/add/Grman","method":"GET"} []
[2017-02-06 23:16:29] app.DEBUG: > GET /manga/add/Grman [] []
[2017-02-06 23:16:29] app.DEBUG: < 200 [] []
[2017-02-06 23:17:04] app.INFO: Matched route "{route}". {"route":"GET_manga_add_name","route_parameters":{"_controller":"app.controller:addName","name":"Grman","_route":"GET_manga_add_name"},"request_uri":"http://comics-manga-romangrb.c9users.io/manga/add/Grman","method":"GET"} []
[2017-02-06 23:17:04] app.DEBUG: > GET /manga/add/Grman [] []
[2017-02-06 23:17:04] app.DEBUG: < 200 [] []
[2017-02-06 23:17:24] app.INFO: Matched route "{route}". {"route":"GET_manga_add_name","route_parameters":{"_controller":"app.controller:addName","name":"Grman","_route":"GET_manga_add_name"},"request_uri":"http://comics-manga-romangrb.c9users.io/manga/add/Grman","method":"GET"} []
[2017-02-06 23:17:24] app.DEBUG: > GET /manga/add/Grman [] []
[2017-02-06 23:17:24] app.DEBUG: < 200 [] []
[2017-02-06 23:23:35] app.INFO: Matched route "{route}". {"route":"GET_manga_add_name","route_parameters":{"_controller":"app.controller:addName","name":"Grman","_route":"GET_manga_add_name"},"request_uri":"http://comics-manga-romangrb.c9users.io/manga/add/Grman","method":"GET"} []
[2017-02-06 23:23:35] app.DEBUG: > GET /manga/add/Grman [] []
[2017-02-06 23:23:35] app.CRITICAL: Doctrine\DBAL\Exception\NotNullConstraintViolationException: An exception occurred while executing 'INSERT INTO first_name (value) VALUES(?)' with params [null]:  SQLSTATE[23000]: Integrity constraint violation: 1048 Column 'value' cannot be null (uncaught exception) at /home/ubuntu/workspace/vendor/doctrine/dbal/lib/Doctrine/DBAL/Driver/AbstractMySQLDriver.php line 112 {"exception":"[object] (Doctrine\\DBAL\\Exception\\NotNullConstraintViolationException(code: 0): An exception occurred while executing 'INSERT INTO first_name (value) VALUES(?)' with params [null]:\n\nSQLSTATE[23000]: Integrity constraint violation: 1048 Column 'value' cannot be null at /home/ubuntu/workspace/vendor/doctrine/dbal/lib/Doctrine/DBAL/Driver/AbstractMySQLDriver.php:112, Doctrine\\DBAL\\Driver\\PDOException(code: 23000): SQLSTATE[23000]: Integrity constraint violation: 1048 Column 'value' cannot be null at /home/ubuntu/workspace/vendor/doctrine/dbal/lib/Doctrine/DBAL/Driver/PDOStatement.php:93, PDOException(code: 23000): SQLSTATE[23000]: Integrity constraint violation: 1048 Column 'value' cannot be null at /home/ubuntu/workspace/vendor/doctrine/dbal/lib/Doctrine/DBAL/Driver/PDOStatement.php:91)"} []
[2017-02-06 23:23:35] app.DEBUG: < 500 [] []
[2017-02-06 23:27:12] app.INFO: Matched route "{route}". {"route":"GET_manga_add_name","route_parameters":{"_controller":"app.controller:addName","name":"Grman","_route":"GET_manga_add_name"},"request_uri":"http://comics-manga-romangrb.c9users.io/manga/add/Grman","method":"GET"} []
[2017-02-06 23:27:12] app.DEBUG: > GET /manga/add/Grman [] []
[2017-02-06 23:27:12] app.CRITICAL: Doctrine\DBAL\Exception\NotNullConstraintViolationException: An exception occurred while executing 'INSERT INTO first_name (value) VALUES(?)' with params [null]:  SQLSTATE[23000]: Integrity constraint violation: 1048 Column 'value' cannot be null (uncaught exception) at /home/ubuntu/workspace/vendor/doctrine/dbal/lib/Doctrine/DBAL/Driver/AbstractMySQLDriver.php line 112 {"exception":"[object] (Doctrine\\DBAL\\Exception\\NotNullConstraintViolationException(code: 0): An exception occurred while executing 'INSERT INTO first_name (value) VALUES(?)' with params [null]:\n\nSQLSTATE[23000]: Integrity constraint violation: 1048 Column 'value' cannot be null at /home/ubuntu/workspace/vendor/doctrine/dbal/lib/Doctrine/DBAL/Driver/AbstractMySQLDriver.php:112, Doctrine\\DBAL\\Driver\\PDOException(code: 23000): SQLSTATE[23000]: Integrity constraint violation: 1048 Column 'value' cannot be null at /home/ubuntu/workspace/vendor/doctrine/dbal/lib/Doctrine/DBAL/Driver/PDOStatement.php:93, PDOException(code: 23000): SQLSTATE[23000]: Integrity constraint violation: 1048 Column 'value' cannot be null at /home/ubuntu/workspace/vendor/doctrine/dbal/lib/Doctrine/DBAL/Driver/PDOStatement.php:91)"} []
[2017-02-06 23:27:12] app.DEBUG: < 500 [] []
[2017-02-06 23:27:46] app.INFO: Matched route "{route}". {"route":"GET_manga_add_name","route_parameters":{"_controller":"app.controller:addName","name":"Grman","_route":"GET_manga_add_name"},"request_uri":"http://comics-manga-romangrb.c9users.io/manga/add/Grman","method":"GET"} []
[2017-02-06 23:27:46] app.DEBUG: > GET /manga/add/Grman [] []
[2017-02-06 23:27:46] app.DEBUG: < 200 [] []
[2017-02-06 23:28:34] app.INFO: Matched route "{route}". {"route":"GET_manga_add_name","route_parameters":{"_controller":"app.controller:addName","name":"Grman","_route":"GET_manga_add_name"},"request_uri":"http://comics-manga-romangrb.c9users.io/manga/add/Grman","method":"GET"} []
[2017-02-06 23:28:34] app.DEBUG: > GET /manga/add/Grman [] []
[2017-02-06 23:28:34] app.DEBUG: < 200 [] []
[2017-02-06 23:29:13] app.INFO: Matched route "{route}". {"route":"GET_manga_add_name","route_parameters":{"_controller":"app.controller:addName","name":"Grman","_route":"GET_manga_add_name"},"request_uri":"http://comics-manga-romangrb.c9users.io/manga/add/Grman","method":"GET"} []
[2017-02-06 23:29:13] app.DEBUG: > GET /manga/add/Grman [] []
[2017-02-06 23:29:13] app.CRITICAL: Doctrine\DBAL\Exception\NotNullConstraintViolationException: An exception occurred while executing 'INSERT INTO last_name (value) VALUES(?)' with params [null]:  SQLSTATE[23000]: Integrity constraint violation: 1048 Column 'value' cannot be null (uncaught exception) at /home/ubuntu/workspace/vendor/doctrine/dbal/lib/Doctrine/DBAL/Driver/AbstractMySQLDriver.php line 112 {"exception":"[object] (Doctrine\\DBAL\\Exception\\NotNullConstraintViolationException(code: 0): An exception occurred while executing 'INSERT INTO last_name (value) VALUES(?)' with params [null]:\n\nSQLSTATE[23000]: Integrity constraint violation: 1048 Column 'value' cannot be null at /home/ubuntu/workspace/vendor/doctrine/dbal/lib/Doctrine/DBAL/Driver/AbstractMySQLDriver.php:112, Doctrine\\DBAL\\Driver\\PDOException(code: 23000): SQLSTATE[23000]: Integrity constraint violation: 1048 Column 'value' cannot be null at /home/ubuntu/workspace/vendor/doctrine/dbal/lib/Doctrine/DBAL/Driver/PDOStatement.php:93, PDOException(code: 23000): SQLSTATE[23000]: Integrity constraint violation: 1048 Column 'value' cannot be null at /home/ubuntu/workspace/vendor/doctrine/dbal/lib/Doctrine/DBAL/Driver/PDOStatement.php:91)"} []
[2017-02-06 23:29:13] app.DEBUG: < 500 [] []
[2017-02-06 23:40:01] app.INFO: Matched route "{route}". {"route":"GET_manga_add_name","route_parameters":{"_controller":"app.controller:addName","name":"Grman","_route":"GET_manga_add_name"},"request_uri":"http://comics-manga-romangrb.c9users.io/manga/add/Grman","method":"GET"} []
[2017-02-06 23:40:01] app.DEBUG: > GET /manga/add/Grman [] []
[2017-02-06 23:40:01] app.CRITICAL: Doctrine\DBAL\Exception\NotNullConstraintViolationException: An exception occurred while executing 'INSERT INTO last_name (value) VALUES(?)' with params [null]:  SQLSTATE[23000]: Integrity constraint violation: 1048 Column 'value' cannot be null (uncaught exception) at /home/ubuntu/workspace/vendor/doctrine/dbal/lib/Doctrine/DBAL/Driver/AbstractMySQLDriver.php line 112 {"exception":"[object] (Doctrine\\DBAL\\Exception\\NotNullConstraintViolationException(code: 0): An exception occurred while executing 'INSERT INTO last_name (value) VALUES(?)' with params [null]:\n\nSQLSTATE[23000]: Integrity constraint violation: 1048 Column 'value' cannot be null at /home/ubuntu/workspace/vendor/doctrine/dbal/lib/Doctrine/DBAL/Driver/AbstractMySQLDriver.php:112, Doctrine\\DBAL\\Driver\\PDOException(code: 23000): SQLSTATE[23000]: Integrity constraint violation: 1048 Column 'value' cannot be null at /home/ubuntu/workspace/vendor/doctrine/dbal/lib/Doctrine/DBAL/Driver/PDOStatement.php:93, PDOException(code: 23000): SQLSTATE[23000]: Integrity constraint violation: 1048 Column 'value' cannot be null at /home/ubuntu/workspace/vendor/doctrine/dbal/lib/Doctrine/DBAL/Driver/PDOStatement.php:91)"} []
[2017-02-06 23:40:01] app.DEBUG: < 500 [] []
[2017-02-07 00:10:29] app.ERROR: Symfony\Component\HttpKernel\Exception\NotFoundHttpException: No route found for "POST /manga/add" (uncaught exception) at /home/ubuntu/workspace/vendor/symfony/http-kernel/EventListener/RouterListener.php line 125 {"exception":"[object] (Symfony\\Component\\HttpKernel\\Exception\\NotFoundHttpException(code: 0): No route found for \"POST /manga/add\" at /home/ubuntu/workspace/vendor/symfony/http-kernel/EventListener/RouterListener.php:125, Symfony\\Component\\Routing\\Exception\\ResourceNotFoundException(code: 0): No routes found for \"/manga/add\". at /home/ubuntu/workspace/vendor/symfony/routing/Matcher/UrlMatcher.php:98)"} []
[2017-02-07 00:10:29] app.DEBUG: < 404 [] []
[2017-02-07 00:12:03] app.ERROR: Symfony\Component\HttpKernel\Exception\NotFoundHttpException: No route found for "POST /manga/add" (uncaught exception) at /home/ubuntu/workspace/vendor/symfony/http-kernel/EventListener/RouterListener.php line 125 {"exception":"[object] (Symfony\\Component\\HttpKernel\\Exception\\NotFoundHttpException(code: 0): No route found for \"POST /manga/add\" at /home/ubuntu/workspace/vendor/symfony/http-kernel/EventListener/RouterListener.php:125, Symfony\\Component\\Routing\\Exception\\ResourceNotFoundException(code: 0): No routes found for \"/manga/add\". at /home/ubuntu/workspace/vendor/symfony/routing/Matcher/UrlMatcher.php:98)"} []
[2017-02-07 00:12:03] app.DEBUG: < 404 [] []
[2017-02-07 00:12:52] app.ERROR: Symfony\Component\HttpKernel\Exception\NotFoundHttpException: No route found for "POST /manga/add" (uncaught exception) at /home/ubuntu/workspace/vendor/symfony/http-kernel/EventListener/RouterListener.php line 125 {"exception":"[object] (Symfony\\Component\\HttpKernel\\Exception\\NotFoundHttpException(code: 0): No route found for \"POST /manga/add\" at /home/ubuntu/workspace/vendor/symfony/http-kernel/EventListener/RouterListener.php:125, Symfony\\Component\\Routing\\Exception\\ResourceNotFoundException(code: 0): No routes found for \"/manga/add\". at /home/ubuntu/workspace/vendor/symfony/routing/Matcher/UrlMatcher.php:98)"} []
[2017-02-07 00:12:52] app.DEBUG: < 404 [] []
[2017-02-07 00:13:57] app.INFO: Matched route "{route}". {"route":"POST_manga_add","route_parameters":{"_controller":"app.controller:addPerson","_route":"POST_manga_add"},"request_uri":"http://comics-manga-romangrb.c9users.io/manga/add","method":"POST"} []
[2017-02-07 00:13:57] app.DEBUG: > POST /manga/add [] []
[2017-02-07 00:13:57] app.DEBUG: < 200 [] []
[2017-02-07 00:14:30] app.INFO: Matched route "{route}". {"route":"POST_manga_add","route_parameters":{"_controller":"app.controller:addPerson","_route":"POST_manga_add"},"request_uri":"http://comics-manga-romangrb.c9users.io/manga/add?f=n","method":"POST"} []
[2017-02-07 00:14:30] app.DEBUG: > POST /manga/add?f=n [] []
[2017-02-07 00:14:30] app.DEBUG: < 200 [] []
[2017-02-07 00:15:00] app.INFO: Matched route "{route}". {"route":"POST_manga_add","route_parameters":{"_controller":"app.controller:addPerson","_route":"POST_manga_add"},"request_uri":"http://comics-manga-romangrb.c9users.io/manga/add?f=roman&l=grabar&m=ivanovich","method":"POST"} []
[2017-02-07 00:15:00] app.DEBUG: > POST /manga/add?f=roman&m=ivanovich&l=grabar [] []
[2017-02-07 00:15:00] app.DEBUG: < 200 [] []
[2017-02-07 00:15:31] app.INFO: Matched route "{route}". {"route":"POST_manga_add","route_parameters":{"_controller":"app.controller:addPerson","_route":"POST_manga_add"},"request_uri":"http://comics-manga-romangrb.c9users.io/manga/add?f=roman&l=grabar&m=ivanovich","method":"POST"} []
[2017-02-07 00:15:31] app.DEBUG: > POST /manga/add?f=roman&m=ivanovich&l=grabar [] []
[2017-02-07 00:15:31] app.DEBUG: < 200 [] []
[2017-02-07 00:18:14] app.INFO: Matched route "{route}". {"route":"POST_manga_add","route_parameters":{"_controller":"app.controller:addPerson","_route":"POST_manga_add"},"request_uri":"http://comics-manga-romangrb.c9users.io/manga/add?f=roman&l=grabar&m=ivanovich","method":"POST"} []
[2017-02-07 00:18:14] app.DEBUG: > POST /manga/add?f=roman&m=ivanovich&l=grabar [] []
[2017-02-07 00:18:14] app.DEBUG: < 200 [] []
[2017-02-07 00:18:23] app.INFO: Matched route "{route}". {"route":"POST_manga_add","route_parameters":{"_controller":"app.controller:addPerson","_route":"POST_manga_add"},"request_uri":"http://comics-manga-romangrb.c9users.io/manga/add?f=roman&m=ivanovich","method":"POST"} []
[2017-02-07 00:18:23] app.DEBUG: > POST /manga/add?f=roman&m=ivanovich [] []
[2017-02-07 00:18:23] app.DEBUG: < 200 [] []
[2017-02-07 00:20:54] app.INFO: Matched route "{route}". {"route":"POST_manga_add","route_parameters":{"_controller":"app.controller:addPerson","_route":"POST_manga_add"},"request_uri":"http://comics-manga-romangrb.c9users.io/manga/add?f=roman&m=ivanovich","method":"POST"} []
[2017-02-07 00:20:54] app.DEBUG: > POST /manga/add?f=roman&m=ivanovich [] []
[2017-02-07 00:20:54] app.DEBUG: < 201 [] []
[2017-02-07 00:21:05] app.INFO: Matched route "{route}". {"route":"POST_manga_add","route_parameters":{"_controller":"app.controller:addPerson","_route":"POST_manga_add"},"request_uri":"http://comics-manga-romangrb.c9users.io/manga/add?f=roman&l=grabar&m=ivanovich","method":"POST"} []
[2017-02-07 00:21:05] app.DEBUG: > POST /manga/add?f=roman&m=ivanovich&l=grabar [] []
[2017-02-07 00:21:05] app.DEBUG: < 200 [] []
